<?xml version="1.0" encoding="UTF-8"?>
<coverage generated="1531996536708" clover="3.2.0">
  <project timestamp="1531996536708" name="All files">
    <metrics statements="12" coveredstatements="4" conditionals="2" coveredconditionals="1" methods="7" coveredmethods="2" elements="21" coveredelements="7" complexity="0" loc="12" ncloc="12" packages="3" files="3" classes="3">
      <package name="src">
        <metrics statements="2" coveredstatements="2" conditionals="0" coveredconditionals="0" methods="1" coveredmethods="1"/>
        <file name="sum.js" path="C:\work\vuejs\vuejs-study\src\sum.js">
          <metrics statements="2" coveredstatements="2" conditionals="0" coveredconditionals="0" methods="1" coveredmethods="1"/>
          <line num="1" count="1" type="stmt"/>
          <line num="2" count="1" type="stmt"/>
        </file>
      </package>
      <package name="src.common">
        <metrics statements="0" coveredstatements="0" conditionals="0" coveredconditionals="0" methods="0" coveredmethods="0"/>
        <file name="constant.js" path="C:\work\vuejs\vuejs-study\src\common\constant.js">
          <metrics statements="0" coveredstatements="0" conditionals="0" coveredconditionals="0" methods="0" coveredmethods="0"/>
        </file>
      </package>
      <package name="src.store">
        <metrics statements="10" coveredstatements="2" conditionals="2" coveredconditionals="1" methods="6" coveredmethods="1"/>
        <file name="todolist.js" path="C:\work\vuejs\vuejs-study\src\store\todolist.js">
          <metrics statements="10" coveredstatements="2" conditionals="2" coveredconditionals="1" methods="6" coveredmethods="1"/>
          <line num="15" count="1" type="cond" truecount="1" falsecount="1"/>
          <line num="16" count="1" type="stmt"/>
          <line num="20" count="0" type="stmt"/>
          <line num="23" count="0" type="stmt"/>
          <line num="28" count="0" type="stmt"/>
          <line num="29" count="0" type="stmt"/>
          <line num="32" count="0" type="stmt"/>
          <line num="33" count="0" type="stmt"/>
          <line num="36" count="0" type="stmt"/>
          <line num="37" count="0" type="stmt"/>
        </file>
      </package>
    </metrics>
  </project>
</coverage>
