{"C:\\work\\vuejs\\vuejs-study\\src\\sum.js": {"path":"C:\\work\\vuejs\\vuejs-study\\src\\sum.js","statementMap":{"0":{"start":{"line":1,"column":12},"end":{"line":3,"column":1}},"1":{"start":{"line":2,"column":4},"end":{"line":2,"column":17}}},"fnMap":{"0":{"name":"(anonymous_0)","decl":{"start":{"line":1,"column":12},"end":{"line":1,"column":13}},"loc":{"start":{"line":1,"column":28},"end":{"line":3,"column":1}},"line":1}},"branchMap":{},"s":{"0":1,"1":1},"f":{"0":1},"b":{},"_coverageSchema":"332fd63041d2c1bcb487cc26dd0d5f7d97098a6c","hash":"7324eab247614d10d8b5c7c00bf1d0f4509b4a9a"}
,"C:\\work\\vuejs\\vuejs-study\\src\\common\\constant.js": {"path":"C:\\work\\vuejs\\vuejs-study\\src\\common\\constant.js","statementMap":{},"fnMap":{},"branchMap":{},"s":{},"f":{},"b":{},"_coverageSchema":"332fd63041d2c1bcb487cc26dd0d5f7d97098a6c","hash":"08b112af819f4ffe9e01175330307ad9b0ef47a5"}
,"C:\\work\\vuejs\\vuejs-study\\src\\store\\todolist.js": {"path":"C:\\work\\vuejs\\vuejs-study\\src\\store\\todolist.js","statementMap":{"0":{"start":{"line":15,"column":12},"end":{"line":17,"column":13}},"1":{"start":{"line":16,"column":16},"end":{"line":16,"column":73}},"2":{"start":{"line":20,"column":12},"end":{"line":20,"column":73}},"3":{"start":{"line":23,"column":12},"end":{"line":23,"column":46}},"4":{"start":{"line":28,"column":12},"end":{"line":28,"column":43}},"5":{"start":{"line":29,"column":12},"end":{"line":29,"column":53}},"6":{"start":{"line":32,"column":12},"end":{"line":32,"column":46}},"7":{"start":{"line":33,"column":12},"end":{"line":33,"column":56}},"8":{"start":{"line":36,"column":12},"end":{"line":36,"column":46}},"9":{"start":{"line":37,"column":12},"end":{"line":37,"column":56}}},"fnMap":{"0":{"name":"(anonymous_0)","decl":{"start":{"line":14,"column":29},"end":{"line":14,"column":30}},"loc":{"start":{"line":14,"column":49},"end":{"line":18,"column":9}},"line":14},"1":{"name":"(anonymous_1)","decl":{"start":{"line":19,"column":32},"end":{"line":19,"column":33}},"loc":{"start":{"line":19,"column":52},"end":{"line":21,"column":9}},"line":19},"2":{"name":"(anonymous_2)","decl":{"start":{"line":22,"column":32},"end":{"line":22,"column":33}},"loc":{"start":{"line":22,"column":52},"end":{"line":24,"column":9}},"line":22},"3":{"name":"(anonymous_3)","decl":{"start":{"line":27,"column":29},"end":{"line":27,"column":30}},"loc":{"start":{"line":27,"column":49},"end":{"line":30,"column":9}},"line":27},"4":{"name":"(anonymous_4)","decl":{"start":{"line":31,"column":32},"end":{"line":31,"column":33}},"loc":{"start":{"line":31,"column":52},"end":{"line":34,"column":9}},"line":31},"5":{"name":"(anonymous_5)","decl":{"start":{"line":35,"column":32},"end":{"line":35,"column":33}},"loc":{"start":{"line":35,"column":52},"end":{"line":38,"column":9}},"line":35}},"branchMap":{"0":{"loc":{"start":{"line":15,"column":12},"end":{"line":17,"column":13}},"type":"if","locations":[{"start":{"line":15,"column":12},"end":{"line":17,"column":13}},{"start":{"line":15,"column":12},"end":{"line":17,"column":13}}],"line":15}},"s":{"0":1,"1":1,"2":0,"3":0,"4":0,"5":0,"6":0,"7":0,"8":0,"9":0},"f":{"0":1,"1":0,"2":0,"3":0,"4":0,"5":0},"b":{"0":[1,0]},"_coverageSchema":"332fd63041d2c1bcb487cc26dd0d5f7d97098a6c","hash":"0d2b86795c19405729e7cc61f514167638917e28"}
}
